[DEBUG] [2015-05-17 22:17:45,964] (MainThread) OneWirePlugin initialization
[DEBUG] [2015-05-17 22:17:45,965] (MainThread) 
OneWirePlugin list dir:
[DEBUG] [2015-05-17 22:17:46,138] (MainThread) b'/28.345805050000'
[DEBUG] [2015-05-17 22:17:46,139] (MainThread) b'/28.F2CF39040000'
[DEBUG] [2015-05-17 22:17:46,141] (MainThread) b'/28.259039040000'
[DEBUG] [2015-05-17 22:17:46,143] (MainThread) b'/28.1D9D39040000'
[DEBUG] [2015-05-17 22:17:46,145] (MainThread) b'/3A.F2360D000000'
[DEBUG] [2015-05-17 22:17:46,146] (MainThread) b'/3A.C9330D000000'
[DEBUG] [2015-05-17 22:17:46,148] (MainThread) b'/81.F34132000000'
[DEBUG] [2015-05-17 22:17:46,150] (MainThread) b'/bus.0'
[DEBUG] [2015-05-17 22:17:46,152] (MainThread) b'/uncached'
[DEBUG] [2015-05-17 22:17:46,153] (MainThread) b'/settings'
[DEBUG] [2015-05-17 22:17:46,155] (MainThread) b'/system'
[DEBUG] [2015-05-17 22:17:46,157] (MainThread) b'/statistics'
[DEBUG] [2015-05-17 22:17:46,159] (MainThread) b'/structure'
[DEBUG] [2015-05-17 22:17:46,160] (MainThread) b'/simultaneous'
[DEBUG] [2015-05-17 22:17:46,162] (MainThread) b'/alarm'
[DEBUG] [2015-05-17 22:17:46,164] (MainThread) 

[DEBUG] [2015-05-17 22:17:46,185] (MainThread) RequestNode constructor called: {'dimension': {'height': 65, 'width': 180}, 'parallel': [], 'position': {'top': 142, 'left': 260}, 'plugin': 'mock', 'active': False, 'reference': 'change me', 'id': 'rn303', 'next': [], 'type': 'RequestNode', 'exceptional': []}
[INFO] [2015-05-17 22:17:46,198] (MainThread) Context initialized
[DEBUG] [2015-05-17 22:19:26,201] (Thread-6  ) MockPlugin call with change me
[DEBUG] [2015-05-17 22:21:06,207] (Thread-8  ) MockPlugin call with change me
[DEBUG] [2015-05-17 22:22:46,211] (Thread-10 ) MockPlugin call with change me
[INFO] [2015-05-17 22:23:52,937] (MainThread) 304 GET /admin/static/index.html (::1) 23.00ms
[INFO] [2015-05-17 22:23:52,995] (MainThread) 304 GET /resources/css/bootstrap.min.css (::1) 5.00ms
[INFO] [2015-05-17 22:23:53,003] (MainThread) 304 GET /resources/css/angular-ui-notification.min.css (::1) 5.00ms
[INFO] [2015-05-17 22:23:53,012] (MainThread) 304 GET /resources/css/sb-admin.css (::1) 5.00ms
[INFO] [2015-05-17 22:23:53,025] (MainThread) 304 GET /resources/css/animations.css (::1) 8.00ms
[INFO] [2015-05-17 22:23:53,037] (MainThread) 304 GET /admin/static/modules/constructor/constructor.css (::1) 6.00ms
[INFO] [2015-05-17 22:23:53,047] (MainThread) 304 GET /admin/static/shomeadmin.css (::1) 5.00ms
[INFO] [2015-05-17 22:23:53,058] (MainThread) 304 GET /resources/js/jquery.js (::1) 5.00ms
[INFO] [2015-05-17 22:23:53,071] (MainThread) 304 GET /resources/js/jquery-ui.min.js (::1) 7.00ms
[INFO] [2015-05-17 22:23:53,081] (MainThread) 304 GET /resources/js/jquery.jsPlumb-min.js (::1) 6.00ms
[INFO] [2015-05-17 22:23:53,093] (MainThread) 304 GET /resources/js/bootstrap.min.js (::1) 6.00ms
[INFO] [2015-05-17 22:23:53,100] (MainThread) 304 GET /resources/js/jquery.pickmeup.min.js (::1) 4.00ms
[INFO] [2015-05-17 22:23:53,108] (MainThread) 304 GET /resources/font-awesome-4.1.0/css/font-awesome.min.css (::1) 4.00ms
[INFO] [2015-05-17 22:23:53,117] (MainThread) 304 GET /resources/js/jquery.pickmeup.twitter-bootstrap.min.js (::1) 5.00ms
[INFO] [2015-05-17 22:23:53,127] (MainThread) 304 GET /resources/js/angular.min.js (::1) 5.00ms
[INFO] [2015-05-17 22:23:53,136] (MainThread) 304 GET /resources/js/angular-route.min.js (::1) 5.00ms
[INFO] [2015-05-17 22:23:53,144] (MainThread) 304 GET /resources/js/angular-animate.min.js (::1) 5.00ms
[INFO] [2015-05-17 22:23:53,156] (MainThread) 304 GET /resources/js/angular-ui-notification.min.js (::1) 7.00ms
[INFO] [2015-05-17 22:23:53,164] (MainThread) 304 GET /admin/static/shomeadmin.js (::1) 4.00ms
[INFO] [2015-05-17 22:23:53,174] (MainThread) 304 GET /admin/static/modules/constructor/constructor.js (::1) 5.00ms
[INFO] [2015-05-17 22:23:53,184] (MainThread) 304 GET /admin/static/modules/constructor/constructor-svc.js (::1) 4.00ms
[INFO] [2015-05-17 22:23:53,194] (MainThread) 304 GET /admin/static/modules/scenarios/scenarios.js (::1) 6.00ms
[INFO] [2015-05-17 22:23:53,205] (MainThread) 304 GET /admin/static/modules/system/system.js (::1) 6.00ms
[INFO] [2015-05-17 22:23:53,216] (MainThread) 304 GET /admin/static/modules/scheduler/scheduler.js (::1) 6.00ms
[INFO] [2015-05-17 22:23:53,228] (MainThread) 304 GET /admin/static/index.html (::1) 7.00ms
[INFO] [2015-05-17 22:23:53,239] (MainThread) 304 GET /resources/logo.png (::1) 5.00ms
[INFO] [2015-05-17 22:23:53,382] (MainThread) 304 GET /admin/static/modules/scheduler/scheduler.html (::1) 5.00ms
[INFO] [2015-05-17 22:23:53,516] (MainThread) 200 GET /admin/scheduler/tasks (::1) 2.00ms
